Current working directory is /project/6049293/jepa/missing_dbem_runs/scripts/run_dbem
Starting run at:Fri Mar 22 15:59:20 PDT 2024
“Starting task: 10”
 Species list:    10
 MisISppList10.txt   
 Initializing, loading files...
          34
 600107    
 Results/C6IPSL85F05MISS/600107                                                 
  
 Read Parameters...
 Running Taxon K_pelamis           
 Species/Distributions/S600107.csv       
   19.2519397997190     
 Thread           0  starting...
 600260    
 Results/C6IPSL85F05MISS/600260                                                 
  
 Read Parameters...
 Running Taxon H_nehereus          
 Species/Distributions/S600260.csv       
   29.8803373703951     
 Thread           0  starting...
