Current working directory is /project/6049293/jepa/missing_dbem_runs/scripts/run_dbem
Starting run at:Fri Mar 22 15:54:19 PDT 2024
“Starting task: 10”
 Species list:    10
 MisISppList10.txt   
 Initializing, loading files...
          34
 600107    
 Results/C6IPSL85F15MISS/600107                                                 
  
 Read Parameters...
 Running Taxon K_pelamis           
 Species/Distributions/S600107.csv       
   19.2519397997190     
 Thread           0  starting...
 600260    
 Results/C6IPSL85F15MISS/600260                                                 
  
 Read Parameters...
 Running Taxon H_nehereus          
 Species/Distributions/S600260.csv       
   29.8803373703951     
 Thread           0  starting...
 601164    
 Results/C6IPSL85F15MISS/601164                                                 
  
 Read Parameters...
 Running Taxon S_auratus           
 Species/Distributions/S601164.csv       
   39.5458668598410     
 Thread           0  starting...
 603255    
 Results/C6IPSL85F15MISS/603255                                                 
  
 Read Parameters...
 Running Taxon Z_nebulosus         
 Species/Distributions/S603255.csv       
   28.2679974926672     
 Thread           0  starting...
 607046    
 Results/C6IPSL85F15MISS/607046                                                 
  
 Read Parameters...
 Running Taxon L_mizops            
 Species/Distributions/S607046.csv       
   26.8802639407820     
 Thread           0  starting...
 690018    
 Results/C6IPSL85F15MISS/690018                                                 
  
 Read Parameters...
 Running Taxon P_spinosissima      
 Species/Distributions/S690018.csv       
   14.8268667455282     
 Thread           0  starting...
 690043    
 Results/C6IPSL85F15MISS/690043                                                 
  
 Read Parameters...
 Running Taxon P_pollicipes        
 Species/Distributions/S690043.csv       
   62.7489885362326     
 Thread           0  starting...
 690047    
 Results/C6IPSL85F15MISS/690047                                                 
  
 Read Parameters...
 Running Taxon M_mercenaria        
 Species/Distributions/S690047.csv       
   25.9587090793003     
 Thread           0  starting...
 690127    
 Results/C6IPSL85F15MISS/690127                                                 
  
 Read Parameters...
 Running Taxon C_concholepas       
 Species/Distributions/S690127.csv       
   60.2352098449881     
 Thread           0  starting...
 690143    
 Results/C6IPSL85F15MISS/690143                                                 
  
 Read Parameters...
 Running Taxon P_trituberculatus   
 Species/Distributions/S690143.csv       
   32.9007709677611     
 Thread           0  starting...
 690180    
 Results/C6IPSL85F15MISS/690180                                                 
  
 Read Parameters...
 Running Taxon T_cornutus          
 Species/Distributions/S690180.csv       
   70.9208633337898     
 Thread           0  starting...
 690201    
 Results/C6IPSL85F15MISS/690201                                                 
  
 Read Parameters...
 Running Taxon A_japonicus         
 Species/Distributions/S690201.csv       
   49.1519509648628     
 Thread           0  starting...
 690205    
 Results/C6IPSL85F15MISS/690205                                                 
  
 Read Parameters...
 Running Taxon J_frontalis         
 Species/Distributions/S690205.csv       
   58.8019654456527     
 Thread           0  starting...
 690206    
 Results/C6IPSL85F15MISS/690206                                                 
  
 Read Parameters...
 Running Taxon D_gigas             
 Species/Distributions/S690206.csv       
   37.3433643020868     
 Thread           0  starting...
 690217    
 Results/C6IPSL85F15MISS/690217                                                 
  
 Read Parameters...
 Running Taxon S_agassizii         
 Species/Distributions/S690217.csv       
   48.2258341939921     
 Thread           0  starting...
 690284    
 Results/C6IPSL85F15MISS/690284                                                 
  
 Read Parameters...
 Running Taxon P_abrupta           
 Species/Distributions/S690284.csv       
   10.6345523984932     
 Thread           0  starting...
